INFO:werkzeug:[31m[1mWARNING: This is a development server. Do not use it in a production deployment. Use a production WSGI server instead.[0m
 * Running on http://127.0.0.1:5000
INFO:werkzeug:[33mPress CTRL+C to quit[0m
INFO:werkzeug:[31m[1mWARNING: This is a development server. Do not use it in a production deployment. Use a production WSGI server instead.[0m
 * Running on http://127.0.0.1:5000
INFO:werkzeug:[33mPress CTRL+C to quit[0m
INFO:werkzeug: * Restarting with stat
WARNING:werkzeug: * Debugger is active!
INFO:werkzeug: * Debugger PIN: 924-052-795
INFO:werkzeug:127.0.0.1 - - [27/Mar/2023 07:46:33] "GET /producto/obtener HTTP/1.1" 200 -
INFO:werkzeug:[31m[1mWARNING: This is a development server. Do not use it in a production deployment. Use a production WSGI server instead.[0m
 * Running on http://127.0.0.1:5000
INFO:werkzeug:[33mPress CTRL+C to quit[0m
DEBUG:app:Listado de personas [<Persona 2>]
INFO:werkzeug:127.0.0.1 - - [27/Mar/2023 17:49:35] "GET / HTTP/1.1" 200 -
INFO:werkzeug:127.0.0.1 - - [27/Mar/2023 17:49:35] "[33mGET /favicon.ico HTTP/1.1[0m" 404 -
ERROR:app:Exception on /detalle/2 [GET]
Traceback (most recent call last):
  File "C:\Python\BD\FLASK_BD\.venv\lib\site-packages\flask\app.py", line 2528, in wsgi_app
    response = self.full_dispatch_request()
  File "C:\Python\BD\FLASK_BD\.venv\lib\site-packages\flask\app.py", line 1825, in full_dispatch_request
    rv = self.handle_user_exception(e)
  File "C:\Python\BD\FLASK_BD\.venv\lib\site-packages\flask\app.py", line 1823, in full_dispatch_request
    rv = self.dispatch_request()
  File "C:\Python\BD\FLASK_BD\.venv\lib\site-packages\flask\app.py", line 1799, in dispatch_request
    return self.ensure_sync(self.view_functions[rule.endpoint])(**view_args)
  File "C:\Python\BD\FLASK_BD\app.py", line 60, in detalle
    db.session.scalars(persona)
  File "C:\Python\BD\FLASK_BD\.venv\lib\site-packages\sqlalchemy\orm\scoping.py", line 1822, in scalars
    return self._proxied.scalars(
  File "C:\Python\BD\FLASK_BD\.venv\lib\site-packages\sqlalchemy\orm\session.py", line 2341, in scalars
    return self._execute_internal(
  File "C:\Python\BD\FLASK_BD\.venv\lib\site-packages\sqlalchemy\orm\session.py", line 2022, in _execute_internal
    statement = coercions.expect(roles.StatementRole, statement)
  File "C:\Python\BD\FLASK_BD\.venv\lib\site-packages\sqlalchemy\sql\coercions.py", line 413, in expect
    resolved = impl._literal_coercion(
  File "C:\Python\BD\FLASK_BD\.venv\lib\site-packages\sqlalchemy\sql\coercions.py", line 652, in _literal_coercion
    self._raise_for_expected(element, argname)
  File "C:\Python\BD\FLASK_BD\.venv\lib\site-packages\sqlalchemy\sql\coercions.py", line 536, in _raise_for_expected
    raise exc.ArgumentError(msg, code=code) from err
sqlalchemy.exc.ArgumentError: Executable SQL or text() construct expected, got <Persona 2>.
INFO:werkzeug:127.0.0.1 - - [27/Mar/2023 17:49:37] "[35m[1mGET /detalle/2 HTTP/1.1[0m" 500 -
INFO:werkzeug:[31m[1mWARNING: This is a development server. Do not use it in a production deployment. Use a production WSGI server instead.[0m
 * Running on http://127.0.0.1:5000
INFO:werkzeug:[33mPress CTRL+C to quit[0m
DEBUG:app:Listado de personas [<Persona 2>]
INFO:werkzeug:127.0.0.1 - - [27/Mar/2023 17:52:58] "GET / HTTP/1.1" 200 -
DEBUG:app:Listado de personas [<Persona 2>]
INFO:werkzeug:127.0.0.1 - - [27/Mar/2023 17:52:58] "GET / HTTP/1.1" 200 -
DEBUG:app:Listado de personas [<Persona 2>]
INFO:werkzeug:127.0.0.1 - - [27/Mar/2023 17:52:59] "GET / HTTP/1.1" 200 -
DEBUG:app:Listado de personas [<Persona 2>]
INFO:werkzeug:127.0.0.1 - - [27/Mar/2023 17:52:59] "GET / HTTP/1.1" 200 -
DEBUG:app:Listado de personas [<Persona 2>]
INFO:werkzeug:127.0.0.1 - - [27/Mar/2023 17:52:59] "GET / HTTP/1.1" 200 -
ERROR:app:Exception on /detalle/2 [GET]
Traceback (most recent call last):
  File "C:\Python\BD\FLASK_BD\.venv\lib\site-packages\flask\app.py", line 2528, in wsgi_app
    response = self.full_dispatch_request()
  File "C:\Python\BD\FLASK_BD\.venv\lib\site-packages\flask\app.py", line 1825, in full_dispatch_request
    rv = self.handle_user_exception(e)
  File "C:\Python\BD\FLASK_BD\.venv\lib\site-packages\flask\app.py", line 1823, in full_dispatch_request
    rv = self.dispatch_request()
  File "C:\Python\BD\FLASK_BD\.venv\lib\site-packages\flask\app.py", line 1799, in dispatch_request
    return self.ensure_sync(self.view_functions[rule.endpoint])(**view_args)
  File "C:\Python\BD\FLASK_BD\app.py", line 60, in detalle
    db.session.scalars(persona)
  File "C:\Python\BD\FLASK_BD\.venv\lib\site-packages\sqlalchemy\orm\scoping.py", line 1822, in scalars
    return self._proxied.scalars(
  File "C:\Python\BD\FLASK_BD\.venv\lib\site-packages\sqlalchemy\orm\session.py", line 2341, in scalars
    return self._execute_internal(
  File "C:\Python\BD\FLASK_BD\.venv\lib\site-packages\sqlalchemy\orm\session.py", line 2022, in _execute_internal
    statement = coercions.expect(roles.StatementRole, statement)
  File "C:\Python\BD\FLASK_BD\.venv\lib\site-packages\sqlalchemy\sql\coercions.py", line 413, in expect
    resolved = impl._literal_coercion(
  File "C:\Python\BD\FLASK_BD\.venv\lib\site-packages\sqlalchemy\sql\coercions.py", line 652, in _literal_coercion
    self._raise_for_expected(element, argname)
  File "C:\Python\BD\FLASK_BD\.venv\lib\site-packages\sqlalchemy\sql\coercions.py", line 536, in _raise_for_expected
    raise exc.ArgumentError(msg, code=code) from err
sqlalchemy.exc.ArgumentError: Executable SQL or text() construct expected, got <Persona 2>.
INFO:werkzeug:127.0.0.1 - - [27/Mar/2023 17:53:00] "[35m[1mGET /detalle/2 HTTP/1.1[0m" 500 -
ERROR:app:Exception on /detalle/2 [GET]
Traceback (most recent call last):
  File "C:\Python\BD\FLASK_BD\.venv\lib\site-packages\flask\app.py", line 2528, in wsgi_app
    response = self.full_dispatch_request()
  File "C:\Python\BD\FLASK_BD\.venv\lib\site-packages\flask\app.py", line 1825, in full_dispatch_request
    rv = self.handle_user_exception(e)
  File "C:\Python\BD\FLASK_BD\.venv\lib\site-packages\flask\app.py", line 1823, in full_dispatch_request
    rv = self.dispatch_request()
  File "C:\Python\BD\FLASK_BD\.venv\lib\site-packages\flask\app.py", line 1799, in dispatch_request
    return self.ensure_sync(self.view_functions[rule.endpoint])(**view_args)
  File "C:\Python\BD\FLASK_BD\app.py", line 60, in detalle
    db.session.scalars(persona)
  File "C:\Python\BD\FLASK_BD\.venv\lib\site-packages\sqlalchemy\orm\scoping.py", line 1822, in scalars
    return self._proxied.scalars(
  File "C:\Python\BD\FLASK_BD\.venv\lib\site-packages\sqlalchemy\orm\session.py", line 2341, in scalars
    return self._execute_internal(
  File "C:\Python\BD\FLASK_BD\.venv\lib\site-packages\sqlalchemy\orm\session.py", line 2022, in _execute_internal
    statement = coercions.expect(roles.StatementRole, statement)
  File "C:\Python\BD\FLASK_BD\.venv\lib\site-packages\sqlalchemy\sql\coercions.py", line 413, in expect
    resolved = impl._literal_coercion(
  File "C:\Python\BD\FLASK_BD\.venv\lib\site-packages\sqlalchemy\sql\coercions.py", line 652, in _literal_coercion
    self._raise_for_expected(element, argname)
  File "C:\Python\BD\FLASK_BD\.venv\lib\site-packages\sqlalchemy\sql\coercions.py", line 536, in _raise_for_expected
    raise exc.ArgumentError(msg, code=code) from err
sqlalchemy.exc.ArgumentError: Executable SQL or text() construct expected, got <Persona 2>.
INFO:werkzeug:127.0.0.1 - - [27/Mar/2023 17:53:02] "[35m[1mGET /detalle/2 HTTP/1.1[0m" 500 -
ERROR:app:Exception on /detalle/2 [GET]
Traceback (most recent call last):
  File "C:\Python\BD\FLASK_BD\.venv\lib\site-packages\flask\app.py", line 2528, in wsgi_app
    response = self.full_dispatch_request()
  File "C:\Python\BD\FLASK_BD\.venv\lib\site-packages\flask\app.py", line 1825, in full_dispatch_request
    rv = self.handle_user_exception(e)
  File "C:\Python\BD\FLASK_BD\.venv\lib\site-packages\flask\app.py", line 1823, in full_dispatch_request
    rv = self.dispatch_request()
  File "C:\Python\BD\FLASK_BD\.venv\lib\site-packages\flask\app.py", line 1799, in dispatch_request
    return self.ensure_sync(self.view_functions[rule.endpoint])(**view_args)
  File "C:\Python\BD\FLASK_BD\app.py", line 60, in detalle
    db.session.scalars(persona)
  File "C:\Python\BD\FLASK_BD\.venv\lib\site-packages\sqlalchemy\orm\scoping.py", line 1822, in scalars
    return self._proxied.scalars(
  File "C:\Python\BD\FLASK_BD\.venv\lib\site-packages\sqlalchemy\orm\session.py", line 2341, in scalars
    return self._execute_internal(
  File "C:\Python\BD\FLASK_BD\.venv\lib\site-packages\sqlalchemy\orm\session.py", line 2022, in _execute_internal
    statement = coercions.expect(roles.StatementRole, statement)
  File "C:\Python\BD\FLASK_BD\.venv\lib\site-packages\sqlalchemy\sql\coercions.py", line 413, in expect
    resolved = impl._literal_coercion(
  File "C:\Python\BD\FLASK_BD\.venv\lib\site-packages\sqlalchemy\sql\coercions.py", line 652, in _literal_coercion
    self._raise_for_expected(element, argname)
  File "C:\Python\BD\FLASK_BD\.venv\lib\site-packages\sqlalchemy\sql\coercions.py", line 536, in _raise_for_expected
    raise exc.ArgumentError(msg, code=code) from err
sqlalchemy.exc.ArgumentError: Executable SQL or text() construct expected, got <Persona 2>.
INFO:werkzeug:127.0.0.1 - - [27/Mar/2023 17:53:02] "[35m[1mGET /detalle/2 HTTP/1.1[0m" 500 -
ERROR:app:Exception on /detalle/2 [GET]
Traceback (most recent call last):
  File "C:\Python\BD\FLASK_BD\.venv\lib\site-packages\flask\app.py", line 2528, in wsgi_app
    response = self.full_dispatch_request()
  File "C:\Python\BD\FLASK_BD\.venv\lib\site-packages\flask\app.py", line 1825, in full_dispatch_request
    rv = self.handle_user_exception(e)
  File "C:\Python\BD\FLASK_BD\.venv\lib\site-packages\flask\app.py", line 1823, in full_dispatch_request
    rv = self.dispatch_request()
  File "C:\Python\BD\FLASK_BD\.venv\lib\site-packages\flask\app.py", line 1799, in dispatch_request
    return self.ensure_sync(self.view_functions[rule.endpoint])(**view_args)
  File "C:\Python\BD\FLASK_BD\app.py", line 60, in detalle
    db.session.scalars(persona)
  File "C:\Python\BD\FLASK_BD\.venv\lib\site-packages\sqlalchemy\orm\scoping.py", line 1822, in scalars
    return self._proxied.scalars(
  File "C:\Python\BD\FLASK_BD\.venv\lib\site-packages\sqlalchemy\orm\session.py", line 2341, in scalars
    return self._execute_internal(
  File "C:\Python\BD\FLASK_BD\.venv\lib\site-packages\sqlalchemy\orm\session.py", line 2022, in _execute_internal
    statement = coercions.expect(roles.StatementRole, statement)
  File "C:\Python\BD\FLASK_BD\.venv\lib\site-packages\sqlalchemy\sql\coercions.py", line 413, in expect
    resolved = impl._literal_coercion(
  File "C:\Python\BD\FLASK_BD\.venv\lib\site-packages\sqlalchemy\sql\coercions.py", line 652, in _literal_coercion
    self._raise_for_expected(element, argname)
  File "C:\Python\BD\FLASK_BD\.venv\lib\site-packages\sqlalchemy\sql\coercions.py", line 536, in _raise_for_expected
    raise exc.ArgumentError(msg, code=code) from err
sqlalchemy.exc.ArgumentError: Executable SQL or text() construct expected, got <Persona 2>.
INFO:werkzeug:127.0.0.1 - - [27/Mar/2023 17:53:03] "[35m[1mGET /detalle/2 HTTP/1.1[0m" 500 -
INFO:werkzeug:[31m[1mWARNING: This is a development server. Do not use it in a production deployment. Use a production WSGI server instead.[0m
 * Running on http://127.0.0.1:5000
INFO:werkzeug:[33mPress CTRL+C to quit[0m
DEBUG:app:Listado de personas [<Persona 2>]
INFO:werkzeug:127.0.0.1 - - [27/Mar/2023 18:01:00] "GET / HTTP/1.1" 200 -
DEBUG:app:Listado de personas [<Persona 2>]
INFO:werkzeug:127.0.0.1 - - [27/Mar/2023 18:01:01] "GET / HTTP/1.1" 200 -
DEBUG:app:Listado de personas [<Persona 2>]
INFO:werkzeug:127.0.0.1 - - [27/Mar/2023 18:01:01] "GET / HTTP/1.1" 200 -
DEBUG:app:Listado de personas [<Persona 2>]
INFO:werkzeug:127.0.0.1 - - [27/Mar/2023 18:01:01] "GET / HTTP/1.1" 200 -
DEBUG:app:Listado de personas [<Persona 2>]
INFO:werkzeug:127.0.0.1 - - [27/Mar/2023 18:01:01] "GET / HTTP/1.1" 200 -
DEBUG:app:Listado de personas [<Persona 2>]
INFO:werkzeug:127.0.0.1 - - [27/Mar/2023 18:01:01] "GET / HTTP/1.1" 200 -
DEBUG:app:Listado de personas [<Persona 2>]
INFO:werkzeug:127.0.0.1 - - [27/Mar/2023 18:01:02] "GET / HTTP/1.1" 200 -
DEBUG:app:Listado de personas [<Persona 2>]
INFO:werkzeug:127.0.0.1 - - [27/Mar/2023 18:01:02] "GET / HTTP/1.1" 200 -
DEBUG:app:Listado de personas [<Persona 2>]
INFO:werkzeug:127.0.0.1 - - [27/Mar/2023 18:01:02] "GET / HTTP/1.1" 200 -
DEBUG:app:Listado de personas [<Persona 2>]
INFO:werkzeug:127.0.0.1 - - [27/Mar/2023 18:01:03] "GET / HTTP/1.1" 200 -
DEBUG:app:Listado de personas [<Persona 2>]
INFO:werkzeug:127.0.0.1 - - [27/Mar/2023 18:01:03] "GET / HTTP/1.1" 200 -
DEBUG:app:Listado de personas [<Persona 2>]
INFO:werkzeug:127.0.0.1 - - [27/Mar/2023 18:01:03] "GET / HTTP/1.1" 200 -
DEBUG:app:Listado de personas [<Persona 2>]
INFO:werkzeug:127.0.0.1 - - [27/Mar/2023 18:01:04] "GET / HTTP/1.1" 200 -
ERROR:app:Exception on /detalle/2 [GET]
Traceback (most recent call last):
  File "C:\Python\BD\FLASK_BD\.venv\lib\site-packages\sqlalchemy\sql\coercions.py", line 813, in _literal_coercion
    return expr._bind_param(operator, element, type_=bindparam_type)
  File "C:\Python\BD\FLASK_BD\.venv\lib\site-packages\sqlalchemy\sql\elements.py", line 4409, in _bind_param
    return BindParameter(
  File "C:\Python\BD\FLASK_BD\.venv\lib\site-packages\sqlalchemy\sql\elements.py", line 1988, in __init__
    self.type = _compared_to_type.coerce_compared_value(
  File "C:\Python\BD\FLASK_BD\.venv\lib\site-packages\sqlalchemy\sql\type_api.py", line 1062, in coerce_compared_value
    _coerced_type = _resolve_value_to_type(value)
  File "C:\Python\BD\FLASK_BD\.venv\lib\site-packages\sqlalchemy\sql\sqltypes.py", line 3812, in _resolve_value_to_type
    raise exc.ArgumentError(
sqlalchemy.exc.ArgumentError: Object <Persona 2> is not legal as a SQL literal value

The above exception was the direct cause of the following exception:

Traceback (most recent call last):
  File "C:\Python\BD\FLASK_BD\.venv\lib\site-packages\flask\app.py", line 2528, in wsgi_app
    response = self.full_dispatch_request()
  File "C:\Python\BD\FLASK_BD\.venv\lib\site-packages\flask\app.py", line 1825, in full_dispatch_request
    rv = self.handle_user_exception(e)
  File "C:\Python\BD\FLASK_BD\.venv\lib\site-packages\flask\app.py", line 1823, in full_dispatch_request
    rv = self.dispatch_request()
  File "C:\Python\BD\FLASK_BD\.venv\lib\site-packages\flask\app.py", line 1799, in dispatch_request
    return self.ensure_sync(self.view_functions[rule.endpoint])(**view_args)
  File "C:\Python\BD\FLASK_BD\app.py", line 60, in detalle
    db.session.execute(db.select(Persona).where(Persona.id == persona))
  File "C:\Python\BD\FLASK_BD\.venv\lib\site-packages\sqlalchemy\sql\operators.py", line 539, in __eq__
    return self.operate(eq, other)
  File "C:\Python\BD\FLASK_BD\.venv\lib\site-packages\sqlalchemy\orm\attributes.py", line 444, in operate
    return op(self.comparator, *other, **kwargs)  # type: ignore[return-value]  # noqa: E501
  File "C:\Python\BD\FLASK_BD\.venv\lib\site-packages\sqlalchemy\sql\operators.py", line 539, in __eq__
    return self.operate(eq, other)
  File "C:\Python\BD\FLASK_BD\.venv\lib\site-packages\sqlalchemy\orm\properties.py", line 474, in operate
    return op(self.__clause_element__(), *other, **kwargs)  # type: ignore[return-value]  # noqa: E501
  File "C:\Python\BD\FLASK_BD\.venv\lib\site-packages\sqlalchemy\sql\annotation.py", line 378, in __eq__
    return self.__element.__class__.__eq__(self, other)
  File "C:\Python\BD\FLASK_BD\.venv\lib\site-packages\sqlalchemy\sql\operators.py", line 539, in __eq__
    return self.operate(eq, other)
  File "C:\Python\BD\FLASK_BD\.venv\lib\site-packages\sqlalchemy\sql\elements.py", line 1474, in operate
    return op(self.comparator, *other, **kwargs)  # type: ignore[return-value]  # noqa: E501
  File "C:\Python\BD\FLASK_BD\.venv\lib\site-packages\sqlalchemy\sql\operators.py", line 539, in __eq__
    return self.operate(eq, other)
  File "C:\Python\BD\FLASK_BD\.venv\lib\site-packages\sqlalchemy\sql\type_api.py", line 188, in operate
    return op_fn(self.expr, op, *other, **addtl_kw)  # type: ignore
  File "C:\Python\BD\FLASK_BD\.venv\lib\site-packages\sqlalchemy\sql\default_comparator.py", line 122, in _boolean_compare
    obj = coercions.expect(
  File "C:\Python\BD\FLASK_BD\.venv\lib\site-packages\sqlalchemy\sql\coercions.py", line 413, in expect
    resolved = impl._literal_coercion(
  File "C:\Python\BD\FLASK_BD\.venv\lib\site-packages\sqlalchemy\sql\coercions.py", line 815, in _literal_coercion
    self._raise_for_expected(element, err=err)
  File "C:\Python\BD\FLASK_BD\.venv\lib\site-packages\sqlalchemy\sql\coercions.py", line 800, in _raise_for_expected
    return super()._raise_for_expected(
  File "C:\Python\BD\FLASK_BD\.venv\lib\site-packages\sqlalchemy\sql\coercions.py", line 536, in _raise_for_expected
    raise exc.ArgumentError(msg, code=code) from err
sqlalchemy.exc.ArgumentError: SQL expression element or literal value expected, got <Persona 2>.
INFO:werkzeug:127.0.0.1 - - [27/Mar/2023 18:01:05] "[35m[1mGET /detalle/2 HTTP/1.1[0m" 500 -
INFO:werkzeug:[31m[1mWARNING: This is a development server. Do not use it in a production deployment. Use a production WSGI server instead.[0m
 * Running on http://127.0.0.1:5000
INFO:werkzeug:[33mPress CTRL+C to quit[0m
DEBUG:app:Listado de personas [<Persona 2>]
INFO:werkzeug:127.0.0.1 - - [27/Mar/2023 18:05:41] "GET / HTTP/1.1" 200 -
DEBUG:app:Listado de personas [<Persona 2>]
INFO:werkzeug:127.0.0.1 - - [27/Mar/2023 18:05:41] "GET / HTTP/1.1" 200 -
DEBUG:app:Listado de personas [<Persona 2>]
INFO:werkzeug:127.0.0.1 - - [27/Mar/2023 18:05:42] "GET / HTTP/1.1" 200 -
DEBUG:app:Listado de personas [<Persona 2>]
INFO:werkzeug:127.0.0.1 - - [27/Mar/2023 18:05:42] "GET / HTTP/1.1" 200 -
DEBUG:app:Listado de personas [<Persona 2>]
INFO:werkzeug:127.0.0.1 - - [27/Mar/2023 18:05:42] "GET / HTTP/1.1" 200 -
DEBUG:app:Listado de personas [<Persona 2>]
INFO:werkzeug:127.0.0.1 - - [27/Mar/2023 18:05:42] "GET / HTTP/1.1" 200 -
DEBUG:app:<Persona 2>
ERROR:app:Exception on /detalle/2 [GET]
Traceback (most recent call last):
  File "C:\Python\BD\FLASK_BD\.venv\lib\site-packages\flask\app.py", line 2528, in wsgi_app
    response = self.full_dispatch_request()
  File "C:\Python\BD\FLASK_BD\.venv\lib\site-packages\flask\app.py", line 1825, in full_dispatch_request
    rv = self.handle_user_exception(e)
  File "C:\Python\BD\FLASK_BD\.venv\lib\site-packages\flask\app.py", line 1823, in full_dispatch_request
    rv = self.dispatch_request()
  File "C:\Python\BD\FLASK_BD\.venv\lib\site-packages\flask\app.py", line 1799, in dispatch_request
    return self.ensure_sync(self.view_functions[rule.endpoint])(**view_args)
  File "C:\Python\BD\FLASK_BD\app.py", line 61, in detalle
    return render_template('detalle.html')
  File "C:\Python\BD\FLASK_BD\.venv\lib\site-packages\flask\templating.py", line 147, in render_template
    return _render(app, template, context)
  File "C:\Python\BD\FLASK_BD\.venv\lib\site-packages\flask\templating.py", line 130, in _render
    rv = template.render(context)
  File "C:\Python\BD\FLASK_BD\.venv\lib\site-packages\jinja2\environment.py", line 1301, in render
    self.environment.handle_exception()
  File "C:\Python\BD\FLASK_BD\.venv\lib\site-packages\jinja2\environment.py", line 936, in handle_exception
    raise rewrite_traceback_stack(source=source)
  File "C:\Python\BD\FLASK_BD\templates\detalle.html", line 11, in top-level template code
    {{persona.id}}
  File "C:\Python\BD\FLASK_BD\.venv\lib\site-packages\jinja2\environment.py", line 485, in getattr
    return getattr(obj, attribute)
jinja2.exceptions.UndefinedError: 'persona' is undefined
INFO:werkzeug:127.0.0.1 - - [27/Mar/2023 18:05:43] "[35m[1mGET /detalle/2 HTTP/1.1[0m" 500 -
INFO:werkzeug:[31m[1mWARNING: This is a development server. Do not use it in a production deployment. Use a production WSGI server instead.[0m
 * Running on http://127.0.0.1:5000
INFO:werkzeug:[33mPress CTRL+C to quit[0m
DEBUG:app:<Persona 2>
INFO:werkzeug:127.0.0.1 - - [27/Mar/2023 18:07:31] "GET /detalle/2 HTTP/1.1" 200 -
DEBUG:app:Listado de personas [<Persona 2>]
INFO:werkzeug:127.0.0.1 - - [27/Mar/2023 18:07:43] "GET /index HTTP/1.1" 200 -
INFO:werkzeug:[31m[1mWARNING: This is a development server. Do not use it in a production deployment. Use a production WSGI server instead.[0m
 * Running on http://127.0.0.1:5000
INFO:werkzeug:[33mPress CTRL+C to quit[0m
DEBUG:app:Listado de personas [<Persona 2>]
INFO:werkzeug:127.0.0.1 - - [29/Mar/2023 07:38:58] "GET / HTTP/1.1" 200 -
INFO:werkzeug:127.0.0.1 - - [29/Mar/2023 07:38:58] "[33mGET /favicon.ico HTTP/1.1[0m" 404 -
INFO:werkzeug:[31m[1mWARNING: This is a development server. Do not use it in a production deployment. Use a production WSGI server instead.[0m
 * Running on http://127.0.0.1:5000
INFO:werkzeug:[33mPress CTRL+C to quit[0m
INFO:werkzeug:127.0.0.1 - - [29/Mar/2023 07:39:44] "GET /images HTTP/1.1" 200 -
ERROR:app:Exception on /images [POST]
Traceback (most recent call last):
  File "C:\Python\BD\FLASK_BD\.venv\lib\site-packages\sqlalchemy\engine\base.py", line 1964, in _exec_single_context
    self.dialect.do_execute(
  File "C:\Python\BD\FLASK_BD\.venv\lib\site-packages\sqlalchemy\engine\default.py", line 748, in do_execute
    cursor.execute(statement, parameters)
psycopg2.errors.NotNullViolation: el valor nulo en la columna «date» de la relación «imagenes» viola la restricción de no nulo
DETAIL:  La fila que falla contiene (1, Perfil, null, iVBORw0KGgoAAAANSUhEUgAAAgAAAAIACAYAAAD0eNT6AAAABGdBTUEAALGPC/xh...).


The above exception was the direct cause of the following exception:

Traceback (most recent call last):
  File "C:\Python\BD\FLASK_BD\.venv\lib\site-packages\flask\app.py", line 2528, in wsgi_app
    response = self.full_dispatch_request()
  File "C:\Python\BD\FLASK_BD\.venv\lib\site-packages\flask\app.py", line 1825, in full_dispatch_request
    rv = self.handle_user_exception(e)
  File "C:\Python\BD\FLASK_BD\.venv\lib\site-packages\flask\app.py", line 1823, in full_dispatch_request
    rv = self.dispatch_request()
  File "C:\Python\BD\FLASK_BD\.venv\lib\site-packages\flask\app.py", line 1799, in dispatch_request
    return self.ensure_sync(self.view_functions[rule.endpoint])(**view_args)
  File "C:\Python\BD\FLASK_BD\app.py", line 136, in indexImagen
    db.session.commit()
  File "C:\Python\BD\FLASK_BD\.venv\lib\site-packages\sqlalchemy\orm\scoping.py", line 553, in commit
    return self._proxied.commit()
  File "C:\Python\BD\FLASK_BD\.venv\lib\site-packages\sqlalchemy\orm\session.py", line 1903, in commit
    trans.commit(_to_root=True)
  File "<string>", line 2, in commit
  File "C:\Python\BD\FLASK_BD\.venv\lib\site-packages\sqlalchemy\orm\state_changes.py", line 137, in _go
    ret_value = fn(self, *arg, **kw)
  File "C:\Python\BD\FLASK_BD\.venv\lib\site-packages\sqlalchemy\orm\session.py", line 1218, in commit
    self._prepare_impl()
  File "<string>", line 2, in _prepare_impl
  File "C:\Python\BD\FLASK_BD\.venv\lib\site-packages\sqlalchemy\orm\state_changes.py", line 137, in _go
    ret_value = fn(self, *arg, **kw)
  File "C:\Python\BD\FLASK_BD\.venv\lib\site-packages\sqlalchemy\orm\session.py", line 1193, in _prepare_impl
    self.session.flush()
  File "C:\Python\BD\FLASK_BD\.venv\lib\site-packages\sqlalchemy\orm\session.py", line 4155, in flush
    self._flush(objects)
  File "C:\Python\BD\FLASK_BD\.venv\lib\site-packages\sqlalchemy\orm\session.py", line 4291, in _flush
    with util.safe_reraise():
  File "C:\Python\BD\FLASK_BD\.venv\lib\site-packages\sqlalchemy\util\langhelpers.py", line 147, in __exit__
    raise exc_value.with_traceback(exc_tb)
  File "C:\Python\BD\FLASK_BD\.venv\lib\site-packages\sqlalchemy\orm\session.py", line 4252, in _flush
    flush_context.execute()
  File "C:\Python\BD\FLASK_BD\.venv\lib\site-packages\sqlalchemy\orm\unitofwork.py", line 467, in execute
    rec.execute(self)
  File "C:\Python\BD\FLASK_BD\.venv\lib\site-packages\sqlalchemy\orm\unitofwork.py", line 644, in execute
    util.preloaded.orm_persistence.save_obj(
  File "C:\Python\BD\FLASK_BD\.venv\lib\site-packages\sqlalchemy\orm\persistence.py", line 93, in save_obj
    _emit_insert_statements(
  File "C:\Python\BD\FLASK_BD\.venv\lib\site-packages\sqlalchemy\orm\persistence.py", line 1184, in _emit_insert_statements
    result = connection.execute(
  File "C:\Python\BD\FLASK_BD\.venv\lib\site-packages\sqlalchemy\engine\base.py", line 1414, in execute
    return meth(
  File "C:\Python\BD\FLASK_BD\.venv\lib\site-packages\sqlalchemy\sql\elements.py", line 486, in _execute_on_connection
    return connection._execute_clauseelement(
  File "C:\Python\BD\FLASK_BD\.venv\lib\site-packages\sqlalchemy\engine\base.py", line 1638, in _execute_clauseelement
    ret = self._execute_context(
  File "C:\Python\BD\FLASK_BD\.venv\lib\site-packages\sqlalchemy\engine\base.py", line 1842, in _execute_context
    return self._exec_single_context(
  File "C:\Python\BD\FLASK_BD\.venv\lib\site-packages\sqlalchemy\engine\base.py", line 1983, in _exec_single_context
    self._handle_dbapi_exception(
  File "C:\Python\BD\FLASK_BD\.venv\lib\site-packages\sqlalchemy\engine\base.py", line 2326, in _handle_dbapi_exception
    raise sqlalchemy_exception.with_traceback(exc_info[2]) from e
  File "C:\Python\BD\FLASK_BD\.venv\lib\site-packages\sqlalchemy\engine\base.py", line 1964, in _exec_single_context
    self.dialect.do_execute(
  File "C:\Python\BD\FLASK_BD\.venv\lib\site-packages\sqlalchemy\engine\default.py", line 748, in do_execute
    cursor.execute(statement, parameters)
sqlalchemy.exc.IntegrityError: (psycopg2.errors.NotNullViolation) el valor nulo en la columna «date» de la relación «imagenes» viola la restricción de no nulo
DETAIL:  La fila que falla contiene (1, Perfil, null, iVBORw0KGgoAAAANSUhEUgAAAgAAAAIACAYAAAD0eNT6AAAABGdBTUEAALGPC/xh...).

[SQL: INSERT INTO imagenes (type, date, "renderData") VALUES (%(type)s, %(date)s, %(renderData)s) RETURNING imagenes.id]
[parameters: {'type': 'Perfil', 'date': None, 'renderData': 'iVBORw0KGgoAAAANSUhEUgAAAgAAAAIACAYAAAD0eNT6AAAABGdBTUEAALGPC/xhBQAAAAFzUkdCAK7OHOkAAAAgY0hSTQAAeiYAAICEAAD6AAAAgOgAAHUwAADqYAAAOpgAABdwnLpRPAAAAAZiS ... (69282 characters truncated) ... BQCAQCAQCgUAgEAgEAoFAIBAIBAKBQCAQCAQCgUAgEAgEAoFAIBAIBAKBQCAQCAQCgUAgEAgEAoGICv4/Lv5wCJn273MAAAASdEVYdEVYSUY6T3JpZW50YXRpb24AMYRY7O8AAAAASUVORK5CYII='}]
(Background on this error at: https://sqlalche.me/e/20/gkpj)
INFO:werkzeug:127.0.0.1 - - [29/Mar/2023 07:40:00] "[35m[1mPOST /images HTTP/1.1[0m" 500 -
ERROR:app:Exception on /leerImagen [GET]
Traceback (most recent call last):
  File "C:\Python\BD\FLASK_BD\.venv\lib\site-packages\flask\app.py", line 2528, in wsgi_app
    response = self.full_dispatch_request()
  File "C:\Python\BD\FLASK_BD\.venv\lib\site-packages\flask\app.py", line 1825, in full_dispatch_request
    rv = self.handle_user_exception(e)
  File "C:\Python\BD\FLASK_BD\.venv\lib\site-packages\flask\app.py", line 1823, in full_dispatch_request
    rv = self.dispatch_request()
  File "C:\Python\BD\FLASK_BD\.venv\lib\site-packages\flask\app.py", line 1799, in dispatch_request
    return self.ensure_sync(self.view_functions[rule.endpoint])(**view_args)
  File "C:\Python\BD\FLASK_BD\app.py", line 141, in leerImagen
    imagen = Images.query.filter_by(id=1).first().renderData
AttributeError: 'NoneType' object has no attribute 'renderData'
INFO:werkzeug:127.0.0.1 - - [29/Mar/2023 07:40:31] "[35m[1mGET /leerImagen HTTP/1.1[0m" 500 -
ERROR:app:Exception on /leerImagen [GET]
Traceback (most recent call last):
  File "C:\Python\BD\FLASK_BD\.venv\lib\site-packages\flask\app.py", line 2528, in wsgi_app
    response = self.full_dispatch_request()
  File "C:\Python\BD\FLASK_BD\.venv\lib\site-packages\flask\app.py", line 1825, in full_dispatch_request
    rv = self.handle_user_exception(e)
  File "C:\Python\BD\FLASK_BD\.venv\lib\site-packages\flask\app.py", line 1823, in full_dispatch_request
    rv = self.dispatch_request()
  File "C:\Python\BD\FLASK_BD\.venv\lib\site-packages\flask\app.py", line 1799, in dispatch_request
    return self.ensure_sync(self.view_functions[rule.endpoint])(**view_args)
  File "C:\Python\BD\FLASK_BD\app.py", line 141, in leerImagen
    imagen = Images.query.filter_by(id=1).first().renderData
AttributeError: 'NoneType' object has no attribute 'renderData'
INFO:werkzeug:127.0.0.1 - - [29/Mar/2023 07:40:34] "[35m[1mGET /leerImagen HTTP/1.1[0m" 500 -
INFO:werkzeug:[31m[1mWARNING: This is a development server. Do not use it in a production deployment. Use a production WSGI server instead.[0m
 * Running on http://127.0.0.1:5000
INFO:werkzeug:[33mPress CTRL+C to quit[0m
INFO:werkzeug:127.0.0.1 - - [29/Mar/2023 07:45:06] "GET /images HTTP/1.1" 200 -
INFO:werkzeug:127.0.0.1 - - [29/Mar/2023 07:45:07] "GET /images HTTP/1.1" 200 -
INFO:werkzeug:127.0.0.1 - - [29/Mar/2023 07:45:07] "GET /images HTTP/1.1" 200 -
INFO:werkzeug:127.0.0.1 - - [29/Mar/2023 07:45:07] "GET /images HTTP/1.1" 200 -
INFO:werkzeug:127.0.0.1 - - [29/Mar/2023 07:45:08] "GET /images HTTP/1.1" 200 -
INFO:werkzeug:127.0.0.1 - - [29/Mar/2023 07:45:08] "GET /images HTTP/1.1" 200 -
INFO:werkzeug:127.0.0.1 - - [29/Mar/2023 07:45:08] "GET /images HTTP/1.1" 200 -
INFO:werkzeug:127.0.0.1 - - [29/Mar/2023 07:45:08] "GET /images HTTP/1.1" 200 -
INFO:werkzeug:127.0.0.1 - - [29/Mar/2023 07:45:08] "GET /images HTTP/1.1" 200 -
INFO:werkzeug:127.0.0.1 - - [29/Mar/2023 07:45:09] "GET /images HTTP/1.1" 200 -
INFO:werkzeug:127.0.0.1 - - [29/Mar/2023 07:45:09] "GET /images HTTP/1.1" 200 -
INFO:werkzeug:127.0.0.1 - - [29/Mar/2023 07:45:09] "GET /images HTTP/1.1" 200 -
INFO:werkzeug:127.0.0.1 - - [29/Mar/2023 07:45:09] "GET /images HTTP/1.1" 200 -
INFO:werkzeug:127.0.0.1 - - [29/Mar/2023 07:45:09] "GET /images HTTP/1.1" 200 -
ERROR:app:Exception on /images [POST]
Traceback (most recent call last):
  File "C:\Python\BD\FLASK_BD\.venv\lib\site-packages\sqlalchemy\engine\base.py", line 1964, in _exec_single_context
    self.dialect.do_execute(
  File "C:\Python\BD\FLASK_BD\.venv\lib\site-packages\sqlalchemy\engine\default.py", line 748, in do_execute
    cursor.execute(statement, parameters)
psycopg2.errors.NotNullViolation: el valor nulo en la columna «date» de la relación «imagenes» viola la restricción de no nulo
DETAIL:  La fila que falla contiene (2, Perfil, null, iVBORw0KGgoAAAANSUhEUgAAAgAAAAIACAYAAAD0eNT6AAAABmJLR0QA/wD/AP+g...).


The above exception was the direct cause of the following exception:

Traceback (most recent call last):
  File "C:\Python\BD\FLASK_BD\.venv\lib\site-packages\flask\app.py", line 2528, in wsgi_app
    response = self.full_dispatch_request()
  File "C:\Python\BD\FLASK_BD\.venv\lib\site-packages\flask\app.py", line 1825, in full_dispatch_request
    rv = self.handle_user_exception(e)
  File "C:\Python\BD\FLASK_BD\.venv\lib\site-packages\flask\app.py", line 1823, in full_dispatch_request
    rv = self.dispatch_request()
  File "C:\Python\BD\FLASK_BD\.venv\lib\site-packages\flask\app.py", line 1799, in dispatch_request
    return self.ensure_sync(self.view_functions[rule.endpoint])(**view_args)
  File "C:\Python\BD\FLASK_BD\app.py", line 136, in indexImagen
    db.session.commit()
  File "C:\Python\BD\FLASK_BD\.venv\lib\site-packages\sqlalchemy\orm\scoping.py", line 553, in commit
    return self._proxied.commit()
  File "C:\Python\BD\FLASK_BD\.venv\lib\site-packages\sqlalchemy\orm\session.py", line 1903, in commit
    trans.commit(_to_root=True)
  File "<string>", line 2, in commit
  File "C:\Python\BD\FLASK_BD\.venv\lib\site-packages\sqlalchemy\orm\state_changes.py", line 137, in _go
    ret_value = fn(self, *arg, **kw)
  File "C:\Python\BD\FLASK_BD\.venv\lib\site-packages\sqlalchemy\orm\session.py", line 1218, in commit
    self._prepare_impl()
  File "<string>", line 2, in _prepare_impl
  File "C:\Python\BD\FLASK_BD\.venv\lib\site-packages\sqlalchemy\orm\state_changes.py", line 137, in _go
    ret_value = fn(self, *arg, **kw)
  File "C:\Python\BD\FLASK_BD\.venv\lib\site-packages\sqlalchemy\orm\session.py", line 1193, in _prepare_impl
    self.session.flush()
  File "C:\Python\BD\FLASK_BD\.venv\lib\site-packages\sqlalchemy\orm\session.py", line 4155, in flush
    self._flush(objects)
  File "C:\Python\BD\FLASK_BD\.venv\lib\site-packages\sqlalchemy\orm\session.py", line 4291, in _flush
    with util.safe_reraise():
  File "C:\Python\BD\FLASK_BD\.venv\lib\site-packages\sqlalchemy\util\langhelpers.py", line 147, in __exit__
    raise exc_value.with_traceback(exc_tb)
  File "C:\Python\BD\FLASK_BD\.venv\lib\site-packages\sqlalchemy\orm\session.py", line 4252, in _flush
    flush_context.execute()
  File "C:\Python\BD\FLASK_BD\.venv\lib\site-packages\sqlalchemy\orm\unitofwork.py", line 467, in execute
    rec.execute(self)
  File "C:\Python\BD\FLASK_BD\.venv\lib\site-packages\sqlalchemy\orm\unitofwork.py", line 644, in execute
    util.preloaded.orm_persistence.save_obj(
  File "C:\Python\BD\FLASK_BD\.venv\lib\site-packages\sqlalchemy\orm\persistence.py", line 93, in save_obj
    _emit_insert_statements(
  File "C:\Python\BD\FLASK_BD\.venv\lib\site-packages\sqlalchemy\orm\persistence.py", line 1184, in _emit_insert_statements
    result = connection.execute(
  File "C:\Python\BD\FLASK_BD\.venv\lib\site-packages\sqlalchemy\engine\base.py", line 1414, in execute
    return meth(
  File "C:\Python\BD\FLASK_BD\.venv\lib\site-packages\sqlalchemy\sql\elements.py", line 486, in _execute_on_connection
    return connection._execute_clauseelement(
  File "C:\Python\BD\FLASK_BD\.venv\lib\site-packages\sqlalchemy\engine\base.py", line 1638, in _execute_clauseelement
    ret = self._execute_context(
  File "C:\Python\BD\FLASK_BD\.venv\lib\site-packages\sqlalchemy\engine\base.py", line 1842, in _execute_context
    return self._exec_single_context(
  File "C:\Python\BD\FLASK_BD\.venv\lib\site-packages\sqlalchemy\engine\base.py", line 1983, in _exec_single_context
    self._handle_dbapi_exception(
  File "C:\Python\BD\FLASK_BD\.venv\lib\site-packages\sqlalchemy\engine\base.py", line 2326, in _handle_dbapi_exception
    raise sqlalchemy_exception.with_traceback(exc_info[2]) from e
  File "C:\Python\BD\FLASK_BD\.venv\lib\site-packages\sqlalchemy\engine\base.py", line 1964, in _exec_single_context
    self.dialect.do_execute(
  File "C:\Python\BD\FLASK_BD\.venv\lib\site-packages\sqlalchemy\engine\default.py", line 748, in do_execute
    cursor.execute(statement, parameters)
sqlalchemy.exc.IntegrityError: (psycopg2.errors.NotNullViolation) el valor nulo en la columna «date» de la relación «imagenes» viola la restricción de no nulo
DETAIL:  La fila que falla contiene (2, Perfil, null, iVBORw0KGgoAAAANSUhEUgAAAgAAAAIACAYAAAD0eNT6AAAABmJLR0QA/wD/AP+g...).

[SQL: INSERT INTO imagenes (type, date, "renderData") VALUES (%(type)s, %(date)s, %(renderData)s) RETURNING imagenes.id]
[parameters: {'type': 'Perfil', 'date': None, 'renderData': 'iVBORw0KGgoAAAANSUhEUgAAAgAAAAIACAYAAAD0eNT6AAAABmJLR0QA/wD/AP+gvaeTAACAAElEQVR42ux9d5wkR3n2U9Vx8qbLOUh7kvaUEyBAEhIi52CiSQZsMLaJXpNB5sgZGwPmMwZj4wjGY ... (128430 characters truncated) ... bECEABAKBQCC4DRECQCAQCASC25D/C6woDOumSRk6AAAAGXRFWHRTb2Z0d2FyZQBBZG9iZSBJbWFnZVJlYWR5ccllPAAAABJ0RVh0RVhJRjpPcmllbnRhdGlvbgAxhFjs7wAAAABJRU5ErkJggg=='}]
(Background on this error at: https://sqlalche.me/e/20/gkpj)
INFO:werkzeug:127.0.0.1 - - [29/Mar/2023 07:45:24] "[35m[1mPOST /images HTTP/1.1[0m" 500 -
INFO:werkzeug:[31m[1mWARNING: This is a development server. Do not use it in a production deployment. Use a production WSGI server instead.[0m
 * Running on http://127.0.0.1:5000
INFO:werkzeug:[33mPress CTRL+C to quit[0m
INFO:werkzeug:127.0.0.1 - - [29/Mar/2023 07:48:16] "GET /images HTTP/1.1" 200 -
INFO:werkzeug:127.0.0.1 - - [29/Mar/2023 07:48:22] "POST /images HTTP/1.1" 200 -
ERROR:app:Exception on /leerImagen [GET]
Traceback (most recent call last):
  File "C:\Python\BD\FLASK_BD\.venv\lib\site-packages\flask\app.py", line 2528, in wsgi_app
    response = self.full_dispatch_request()
  File "C:\Python\BD\FLASK_BD\.venv\lib\site-packages\flask\app.py", line 1825, in full_dispatch_request
    rv = self.handle_user_exception(e)
  File "C:\Python\BD\FLASK_BD\.venv\lib\site-packages\flask\app.py", line 1823, in full_dispatch_request
    rv = self.dispatch_request()
  File "C:\Python\BD\FLASK_BD\.venv\lib\site-packages\flask\app.py", line 1799, in dispatch_request
    return self.ensure_sync(self.view_functions[rule.endpoint])(**view_args)
  File "C:\Python\BD\FLASK_BD\app.py", line 141, in leerImagen
    imagen = Images.query.filter_by(id=1).first().renderData
AttributeError: 'NoneType' object has no attribute 'renderData'
INFO:werkzeug:127.0.0.1 - - [29/Mar/2023 07:48:46] "[35m[1mGET /leerImagen HTTP/1.1[0m" 500 -
ERROR:app:Exception on /leerImagen [GET]
Traceback (most recent call last):
  File "C:\Python\BD\FLASK_BD\.venv\lib\site-packages\flask\app.py", line 2528, in wsgi_app
    response = self.full_dispatch_request()
  File "C:\Python\BD\FLASK_BD\.venv\lib\site-packages\flask\app.py", line 1825, in full_dispatch_request
    rv = self.handle_user_exception(e)
  File "C:\Python\BD\FLASK_BD\.venv\lib\site-packages\flask\app.py", line 1823, in full_dispatch_request
    rv = self.dispatch_request()
  File "C:\Python\BD\FLASK_BD\.venv\lib\site-packages\flask\app.py", line 1799, in dispatch_request
    return self.ensure_sync(self.view_functions[rule.endpoint])(**view_args)
  File "C:\Python\BD\FLASK_BD\app.py", line 141, in leerImagen
    imagen = Images.query.filter_by(id=1).first().renderData
AttributeError: 'NoneType' object has no attribute 'renderData'
INFO:werkzeug:127.0.0.1 - - [29/Mar/2023 07:49:07] "[35m[1mGET /leerImagen HTTP/1.1[0m" 500 -
ERROR:app:Exception on /leerImagen [GET]
Traceback (most recent call last):
  File "C:\Python\BD\FLASK_BD\.venv\lib\site-packages\flask\app.py", line 2528, in wsgi_app
    response = self.full_dispatch_request()
  File "C:\Python\BD\FLASK_BD\.venv\lib\site-packages\flask\app.py", line 1825, in full_dispatch_request
    rv = self.handle_user_exception(e)
  File "C:\Python\BD\FLASK_BD\.venv\lib\site-packages\flask\app.py", line 1823, in full_dispatch_request
    rv = self.dispatch_request()
  File "C:\Python\BD\FLASK_BD\.venv\lib\site-packages\flask\app.py", line 1799, in dispatch_request
    return self.ensure_sync(self.view_functions[rule.endpoint])(**view_args)
  File "C:\Python\BD\FLASK_BD\app.py", line 141, in leerImagen
    imagen = Images.query.filter_by(id=3).first().renderData
AttributeError: 'NoneType' object has no attribute 'renderData'
INFO:werkzeug:127.0.0.1 - - [29/Mar/2023 07:49:54] "[35m[1mGET /leerImagen HTTP/1.1[0m" 500 -
ERROR:app:Exception on /leerImagen [GET]
Traceback (most recent call last):
  File "C:\Python\BD\FLASK_BD\.venv\lib\site-packages\flask\app.py", line 2528, in wsgi_app
    response = self.full_dispatch_request()
  File "C:\Python\BD\FLASK_BD\.venv\lib\site-packages\flask\app.py", line 1825, in full_dispatch_request
    rv = self.handle_user_exception(e)
  File "C:\Python\BD\FLASK_BD\.venv\lib\site-packages\flask\app.py", line 1823, in full_dispatch_request
    rv = self.dispatch_request()
  File "C:\Python\BD\FLASK_BD\.venv\lib\site-packages\flask\app.py", line 1799, in dispatch_request
    return self.ensure_sync(self.view_functions[rule.endpoint])(**view_args)
  File "C:\Python\BD\FLASK_BD\app.py", line 141, in leerImagen
    imagen = Images.query.filter_by(id=3).first().renderData
AttributeError: 'NoneType' object has no attribute 'renderData'
INFO:werkzeug:127.0.0.1 - - [29/Mar/2023 07:49:56] "[35m[1mGET /leerImagen HTTP/1.1[0m" 500 -
INFO:werkzeug:[31m[1mWARNING: This is a development server. Do not use it in a production deployment. Use a production WSGI server instead.[0m
 * Running on http://127.0.0.1:5000
INFO:werkzeug:[33mPress CTRL+C to quit[0m
INFO:werkzeug:127.0.0.1 - - [29/Mar/2023 07:50:05] "GET /leerImagen HTTP/1.1" 200 -
INFO:werkzeug:[31m[1mWARNING: This is a development server. Do not use it in a production deployment. Use a production WSGI server instead.[0m
 * Running on http://127.0.0.1:5000
INFO:werkzeug:[33mPress CTRL+C to quit[0m
INFO:werkzeug:127.0.0.1 - - [29/Mar/2023 07:50:38] "GET /leerImagen HTTP/1.1" 200 -
INFO:werkzeug:[31m[1mWARNING: This is a development server. Do not use it in a production deployment. Use a production WSGI server instead.[0m
 * Running on http://127.0.0.1:5000
INFO:werkzeug:[33mPress CTRL+C to quit[0m
ERROR:app:Exception on / [GET]
Traceback (most recent call last):
  File "C:\Python\BD\FLASK_BD\.venv\lib\site-packages\flask\app.py", line 2528, in wsgi_app
    response = self.full_dispatch_request()
  File "C:\Python\BD\FLASK_BD\.venv\lib\site-packages\flask\app.py", line 1825, in full_dispatch_request
    rv = self.handle_user_exception(e)
  File "C:\Python\BD\FLASK_BD\.venv\lib\site-packages\flask\app.py", line 1823, in full_dispatch_request
    rv = self.dispatch_request()
  File "C:\Python\BD\FLASK_BD\.venv\lib\site-packages\flask\app.py", line 1799, in dispatch_request
    return self.ensure_sync(self.view_functions[rule.endpoint])(**view_args)
  File "C:\Python\BD\FLASK_BD\routes\persona\personas.py", line 13, in inicio
    appersona.logger.debug(f'Listado de personas {personas}')
AttributeError: 'Blueprint' object has no attribute 'logger'
INFO:werkzeug:127.0.0.1 - - [30/Mar/2023 07:30:27] "[35m[1mGET / HTTP/1.1[0m" 500 -
INFO:werkzeug:127.0.0.1 - - [30/Mar/2023 07:30:27] "[33mGET /favicon.ico HTTP/1.1[0m" 404 -
INFO:werkzeug:127.0.0.1 - - [30/Mar/2023 07:30:36] "GET /images HTTP/1.1" 200 -
INFO:werkzeug:127.0.0.1 - - [30/Mar/2023 07:30:53] "POST /images HTTP/1.1" 200 -
INFO:werkzeug:127.0.0.1 - - [30/Mar/2023 07:31:02] "GET /leerImagen HTTP/1.1" 200 -
INFO:werkzeug:127.0.0.1 - - [30/Mar/2023 07:31:36] "GET /producto/obtener HTTP/1.1" 200 -
ERROR:app:Exception on / [GET]
Traceback (most recent call last):
  File "C:\Python\BD\FLASK_BD\.venv\lib\site-packages\flask\app.py", line 2528, in wsgi_app
    response = self.full_dispatch_request()
  File "C:\Python\BD\FLASK_BD\.venv\lib\site-packages\flask\app.py", line 1825, in full_dispatch_request
    rv = self.handle_user_exception(e)
  File "C:\Python\BD\FLASK_BD\.venv\lib\site-packages\flask\app.py", line 1823, in full_dispatch_request
    rv = self.dispatch_request()
  File "C:\Python\BD\FLASK_BD\.venv\lib\site-packages\flask\app.py", line 1799, in dispatch_request
    return self.ensure_sync(self.view_functions[rule.endpoint])(**view_args)
  File "C:\Python\BD\FLASK_BD\routes\persona\personas.py", line 13, in inicio
    appersona.logger.debug(f'Listado de personas {personas}')
AttributeError: 'Blueprint' object has no attribute 'logger'
INFO:werkzeug:127.0.0.1 - - [30/Mar/2023 07:32:00] "[35m[1mGET / HTTP/1.1[0m" 500 -
ERROR:app:Exception on /index [GET]
Traceback (most recent call last):
  File "C:\Python\BD\FLASK_BD\.venv\lib\site-packages\flask\app.py", line 2528, in wsgi_app
    response = self.full_dispatch_request()
  File "C:\Python\BD\FLASK_BD\.venv\lib\site-packages\flask\app.py", line 1825, in full_dispatch_request
    rv = self.handle_user_exception(e)
  File "C:\Python\BD\FLASK_BD\.venv\lib\site-packages\flask\app.py", line 1823, in full_dispatch_request
    rv = self.dispatch_request()
  File "C:\Python\BD\FLASK_BD\.venv\lib\site-packages\flask\app.py", line 1799, in dispatch_request
    return self.ensure_sync(self.view_functions[rule.endpoint])(**view_args)
  File "C:\Python\BD\FLASK_BD\routes\persona\personas.py", line 13, in inicio
    appersona.logger.debug(f'Listado de personas {personas}')
AttributeError: 'Blueprint' object has no attribute 'logger'
INFO:werkzeug:127.0.0.1 - - [30/Mar/2023 07:32:22] "[35m[1mGET /index HTTP/1.1[0m" 500 -
ERROR:app:Exception on /index [GET]
Traceback (most recent call last):
  File "C:\Python\BD\FLASK_BD\.venv\lib\site-packages\flask\app.py", line 2528, in wsgi_app
    response = self.full_dispatch_request()
  File "C:\Python\BD\FLASK_BD\.venv\lib\site-packages\flask\app.py", line 1825, in full_dispatch_request
    rv = self.handle_user_exception(e)
  File "C:\Python\BD\FLASK_BD\.venv\lib\site-packages\flask\app.py", line 1823, in full_dispatch_request
    rv = self.dispatch_request()
  File "C:\Python\BD\FLASK_BD\.venv\lib\site-packages\flask\app.py", line 1799, in dispatch_request
    return self.ensure_sync(self.view_functions[rule.endpoint])(**view_args)
  File "C:\Python\BD\FLASK_BD\routes\persona\personas.py", line 13, in inicio
    appersona.logger.debug(f'Listado de personas {personas}')
AttributeError: 'Blueprint' object has no attribute 'logger'
INFO:werkzeug:127.0.0.1 - - [30/Mar/2023 07:32:24] "[35m[1mGET /index HTTP/1.1[0m" 500 -
INFO:werkzeug:127.0.0.1 - - [30/Mar/2023 07:33:04] "GET /agregar HTTP/1.1" 200 -
ERROR:app:Exception on / [GET]
Traceback (most recent call last):
  File "C:\Python\BD\FLASK_BD\.venv\lib\site-packages\flask\app.py", line 2528, in wsgi_app
    response = self.full_dispatch_request()
  File "C:\Python\BD\FLASK_BD\.venv\lib\site-packages\flask\app.py", line 1825, in full_dispatch_request
    rv = self.handle_user_exception(e)
  File "C:\Python\BD\FLASK_BD\.venv\lib\site-packages\flask\app.py", line 1823, in full_dispatch_request
    rv = self.dispatch_request()
  File "C:\Python\BD\FLASK_BD\.venv\lib\site-packages\flask\app.py", line 1799, in dispatch_request
    return self.ensure_sync(self.view_functions[rule.endpoint])(**view_args)
  File "C:\Python\BD\FLASK_BD\routes\persona\personas.py", line 13, in inicio
    return render_template('index.html',personas = personas, totalDePersonas = totalDePersonas)
AttributeError: 'Blueprint' object has no attribute 'logger'
INFO:werkzeug:127.0.0.1 - - [30/Mar/2023 07:34:30] "[35m[1mGET / HTTP/1.1[0m" 500 -
INFO:werkzeug:[31m[1mWARNING: This is a development server. Do not use it in a production deployment. Use a production WSGI server instead.[0m
 * Running on http://127.0.0.1:5000
INFO:werkzeug:[33mPress CTRL+C to quit[0m
ERROR:app:Exception on / [GET]
Traceback (most recent call last):
  File "C:\Python\BD\FLASK_BD\.venv\lib\site-packages\flask\app.py", line 2528, in wsgi_app
    response = self.full_dispatch_request()
  File "C:\Python\BD\FLASK_BD\.venv\lib\site-packages\flask\app.py", line 1825, in full_dispatch_request
    rv = self.handle_user_exception(e)
  File "C:\Python\BD\FLASK_BD\.venv\lib\site-packages\flask\app.py", line 1823, in full_dispatch_request
    rv = self.dispatch_request()
  File "C:\Python\BD\FLASK_BD\.venv\lib\site-packages\flask\app.py", line 1799, in dispatch_request
    return self.ensure_sync(self.view_functions[rule.endpoint])(**view_args)
  File "C:\Python\BD\FLASK_BD\routes\persona\personas.py", line 13, in inicio
    return render_template('index.html',personas = personas, totalDePersonas = totalDePersonas)
  File "C:\Python\BD\FLASK_BD\.venv\lib\site-packages\flask\templating.py", line 147, in render_template
    return _render(app, template, context)
  File "C:\Python\BD\FLASK_BD\.venv\lib\site-packages\flask\templating.py", line 130, in _render
    rv = template.render(context)
  File "C:\Python\BD\FLASK_BD\.venv\lib\site-packages\jinja2\environment.py", line 1301, in render
    self.environment.handle_exception()
  File "C:\Python\BD\FLASK_BD\.venv\lib\site-packages\jinja2\environment.py", line 936, in handle_exception
    raise rewrite_traceback_stack(source=source)
  File "C:\Python\BD\FLASK_BD\routes\persona\templates\index.html", line 12, in top-level template code
    <a href="{{url_for('agregar')}}">Agregar Persona</a>
  File "C:\Python\BD\FLASK_BD\.venv\lib\site-packages\flask\app.py", line 2034, in url_for
    return self.handle_url_build_error(error, endpoint, values)
  File "C:\Python\BD\FLASK_BD\.venv\lib\site-packages\flask\app.py", line 2023, in url_for
    rv = url_adapter.build(  # type: ignore[union-attr]
  File "C:\Python\BD\FLASK_BD\.venv\lib\site-packages\werkzeug\routing\map.py", line 917, in build
    raise BuildError(endpoint, values, method, self)
werkzeug.routing.exceptions.BuildError: Could not build url for endpoint 'agregar'. Did you mean 'appersona.agregar' instead?
INFO:werkzeug:127.0.0.1 - - [30/Mar/2023 07:34:40] "[35m[1mGET / HTTP/1.1[0m" 500 -
ERROR:app:Exception on /index [GET]
Traceback (most recent call last):
  File "C:\Python\BD\FLASK_BD\.venv\lib\site-packages\flask\app.py", line 2528, in wsgi_app
    response = self.full_dispatch_request()
  File "C:\Python\BD\FLASK_BD\.venv\lib\site-packages\flask\app.py", line 1825, in full_dispatch_request
    rv = self.handle_user_exception(e)
  File "C:\Python\BD\FLASK_BD\.venv\lib\site-packages\flask\app.py", line 1823, in full_dispatch_request
    rv = self.dispatch_request()
  File "C:\Python\BD\FLASK_BD\.venv\lib\site-packages\flask\app.py", line 1799, in dispatch_request
    return self.ensure_sync(self.view_functions[rule.endpoint])(**view_args)
  File "C:\Python\BD\FLASK_BD\routes\persona\personas.py", line 13, in inicio
    return render_template('index.html',personas = personas, totalDePersonas = totalDePersonas)
  File "C:\Python\BD\FLASK_BD\.venv\lib\site-packages\flask\templating.py", line 147, in render_template
    return _render(app, template, context)
  File "C:\Python\BD\FLASK_BD\.venv\lib\site-packages\flask\templating.py", line 130, in _render
    rv = template.render(context)
  File "C:\Python\BD\FLASK_BD\.venv\lib\site-packages\jinja2\environment.py", line 1301, in render
    self.environment.handle_exception()
  File "C:\Python\BD\FLASK_BD\.venv\lib\site-packages\jinja2\environment.py", line 936, in handle_exception
    raise rewrite_traceback_stack(source=source)
  File "C:\Python\BD\FLASK_BD\routes\persona\templates\index.html", line 12, in top-level template code
    <a href="{{url_for('agregar')}}">Agregar Persona</a>
  File "C:\Python\BD\FLASK_BD\.venv\lib\site-packages\flask\app.py", line 2034, in url_for
    return self.handle_url_build_error(error, endpoint, values)
  File "C:\Python\BD\FLASK_BD\.venv\lib\site-packages\flask\app.py", line 2023, in url_for
    rv = url_adapter.build(  # type: ignore[union-attr]
  File "C:\Python\BD\FLASK_BD\.venv\lib\site-packages\werkzeug\routing\map.py", line 917, in build
    raise BuildError(endpoint, values, method, self)
werkzeug.routing.exceptions.BuildError: Could not build url for endpoint 'agregar'. Did you mean 'appersona.agregar' instead?
INFO:werkzeug:127.0.0.1 - - [30/Mar/2023 07:34:45] "[35m[1mGET /index HTTP/1.1[0m" 500 -
INFO:werkzeug:[31m[1mWARNING: This is a development server. Do not use it in a production deployment. Use a production WSGI server instead.[0m
 * Running on http://127.0.0.1:5000
INFO:werkzeug:[33mPress CTRL+C to quit[0m
INFO:werkzeug:127.0.0.1 - - [30/Mar/2023 07:37:08] "GET /index HTTP/1.1" 200 -
ERROR:app:Exception on /detalle/2 [GET]
Traceback (most recent call last):
  File "C:\Python\BD\FLASK_BD\.venv\lib\site-packages\flask\app.py", line 2528, in wsgi_app
    response = self.full_dispatch_request()
  File "C:\Python\BD\FLASK_BD\.venv\lib\site-packages\flask\app.py", line 1825, in full_dispatch_request
    rv = self.handle_user_exception(e)
  File "C:\Python\BD\FLASK_BD\.venv\lib\site-packages\flask\app.py", line 1823, in full_dispatch_request
    rv = self.dispatch_request()
  File "C:\Python\BD\FLASK_BD\.venv\lib\site-packages\flask\app.py", line 1799, in dispatch_request
    return self.ensure_sync(self.view_functions[rule.endpoint])(**view_args)
  File "C:\Python\BD\FLASK_BD\routes\persona\personas.py", line 41, in detalle
    appersona.logger.debug(f'{persona}')
AttributeError: 'Blueprint' object has no attribute 'logger'
INFO:werkzeug:127.0.0.1 - - [30/Mar/2023 07:37:13] "[35m[1mGET /detalle/2 HTTP/1.1[0m" 500 -
INFO:werkzeug:127.0.0.1 - - [30/Mar/2023 07:37:29] "GET /index HTTP/1.1" 200 -
INFO:werkzeug:127.0.0.1 - - [30/Mar/2023 07:37:29] "GET /index HTTP/1.1" 200 -
ERROR:app:Exception on /detalle/2 [GET]
Traceback (most recent call last):
  File "C:\Python\BD\FLASK_BD\.venv\lib\site-packages\flask\app.py", line 2528, in wsgi_app
    response = self.full_dispatch_request()
  File "C:\Python\BD\FLASK_BD\.venv\lib\site-packages\flask\app.py", line 1825, in full_dispatch_request
    rv = self.handle_user_exception(e)
  File "C:\Python\BD\FLASK_BD\.venv\lib\site-packages\flask\app.py", line 1823, in full_dispatch_request
    rv = self.dispatch_request()
  File "C:\Python\BD\FLASK_BD\.venv\lib\site-packages\flask\app.py", line 1799, in dispatch_request
    return self.ensure_sync(self.view_functions[rule.endpoint])(**view_args)
  File "C:\Python\BD\FLASK_BD\routes\persona\personas.py", line 41, in detalle
    appersona.logger.debug(f'{persona}')
AttributeError: 'Blueprint' object has no attribute 'logger'
INFO:werkzeug:127.0.0.1 - - [30/Mar/2023 07:37:30] "[35m[1mGET /detalle/2 HTTP/1.1[0m" 500 -
INFO:werkzeug:[31m[1mWARNING: This is a development server. Do not use it in a production deployment. Use a production WSGI server instead.[0m
 * Running on http://127.0.0.1:5000
INFO:werkzeug:[33mPress CTRL+C to quit[0m
INFO:werkzeug:127.0.0.1 - - [30/Mar/2023 07:37:41] "GET /index HTTP/1.1" 200 -
INFO:werkzeug:127.0.0.1 - - [30/Mar/2023 07:37:41] "GET /index HTTP/1.1" 200 -
INFO:werkzeug:127.0.0.1 - - [30/Mar/2023 07:37:41] "GET /index HTTP/1.1" 200 -
INFO:werkzeug:127.0.0.1 - - [30/Mar/2023 07:37:41] "GET /index HTTP/1.1" 200 -
INFO:werkzeug:127.0.0.1 - - [30/Mar/2023 07:37:41] "GET /index HTTP/1.1" 200 -
ERROR:app:Exception on /detalle/2 [GET]
Traceback (most recent call last):
  File "C:\Python\BD\FLASK_BD\.venv\lib\site-packages\flask\app.py", line 2528, in wsgi_app
    response = self.full_dispatch_request()
  File "C:\Python\BD\FLASK_BD\.venv\lib\site-packages\flask\app.py", line 1825, in full_dispatch_request
    rv = self.handle_user_exception(e)
  File "C:\Python\BD\FLASK_BD\.venv\lib\site-packages\flask\app.py", line 1823, in full_dispatch_request
    rv = self.dispatch_request()
  File "C:\Python\BD\FLASK_BD\.venv\lib\site-packages\flask\app.py", line 1799, in dispatch_request
    return self.ensure_sync(self.view_functions[rule.endpoint])(**view_args)
  File "C:\Python\BD\FLASK_BD\routes\persona\personas.py", line 41, in detalle
    appersona.logger.debug(f'{persona}')
AttributeError: 'Blueprint' object has no attribute 'logger'
INFO:werkzeug:127.0.0.1 - - [30/Mar/2023 07:37:42] "[35m[1mGET /detalle/2 HTTP/1.1[0m" 500 -
ERROR:app:Exception on /detalle/2 [GET]
Traceback (most recent call last):
  File "C:\Python\BD\FLASK_BD\.venv\lib\site-packages\flask\app.py", line 2528, in wsgi_app
    response = self.full_dispatch_request()
  File "C:\Python\BD\FLASK_BD\.venv\lib\site-packages\flask\app.py", line 1825, in full_dispatch_request
    rv = self.handle_user_exception(e)
  File "C:\Python\BD\FLASK_BD\.venv\lib\site-packages\flask\app.py", line 1823, in full_dispatch_request
    rv = self.dispatch_request()
  File "C:\Python\BD\FLASK_BD\.venv\lib\site-packages\flask\app.py", line 1799, in dispatch_request
    return self.ensure_sync(self.view_functions[rule.endpoint])(**view_args)
  File "C:\Python\BD\FLASK_BD\routes\persona\personas.py", line 41, in detalle
    appersona.logger.debug(f'{persona}')
AttributeError: 'Blueprint' object has no attribute 'logger'
INFO:werkzeug:127.0.0.1 - - [30/Mar/2023 07:37:44] "[35m[1mGET /detalle/2 HTTP/1.1[0m" 500 -
ERROR:app:Exception on /detalle/2 [GET]
Traceback (most recent call last):
  File "C:\Python\BD\FLASK_BD\.venv\lib\site-packages\flask\app.py", line 2528, in wsgi_app
    response = self.full_dispatch_request()
  File "C:\Python\BD\FLASK_BD\.venv\lib\site-packages\flask\app.py", line 1825, in full_dispatch_request
    rv = self.handle_user_exception(e)
  File "C:\Python\BD\FLASK_BD\.venv\lib\site-packages\flask\app.py", line 1823, in full_dispatch_request
    rv = self.dispatch_request()
  File "C:\Python\BD\FLASK_BD\.venv\lib\site-packages\flask\app.py", line 1799, in dispatch_request
    return self.ensure_sync(self.view_functions[rule.endpoint])(**view_args)
  File "C:\Python\BD\FLASK_BD\routes\persona\personas.py", line 41, in detalle
    appersona.logger.debug(f'{persona}')
AttributeError: 'Blueprint' object has no attribute 'logger'
INFO:werkzeug:127.0.0.1 - - [30/Mar/2023 07:37:44] "[35m[1mGET /detalle/2 HTTP/1.1[0m" 500 -
ERROR:app:Exception on /detalle/2 [GET]
Traceback (most recent call last):
  File "C:\Python\BD\FLASK_BD\.venv\lib\site-packages\flask\app.py", line 2528, in wsgi_app
    response = self.full_dispatch_request()
  File "C:\Python\BD\FLASK_BD\.venv\lib\site-packages\flask\app.py", line 1825, in full_dispatch_request
    rv = self.handle_user_exception(e)
  File "C:\Python\BD\FLASK_BD\.venv\lib\site-packages\flask\app.py", line 1823, in full_dispatch_request
    rv = self.dispatch_request()
  File "C:\Python\BD\FLASK_BD\.venv\lib\site-packages\flask\app.py", line 1799, in dispatch_request
    return self.ensure_sync(self.view_functions[rule.endpoint])(**view_args)
  File "C:\Python\BD\FLASK_BD\routes\persona\personas.py", line 41, in detalle
    appersona.logger.debug(f'{persona}')
AttributeError: 'Blueprint' object has no attribute 'logger'
INFO:werkzeug:127.0.0.1 - - [30/Mar/2023 07:37:44] "[35m[1mGET /detalle/2 HTTP/1.1[0m" 500 -
INFO:werkzeug:127.0.0.1 - - [30/Mar/2023 07:38:12] "GET /index HTTP/1.1" 200 -
ERROR:app:Exception on /detalle/2 [GET]
Traceback (most recent call last):
  File "C:\Python\BD\FLASK_BD\.venv\lib\site-packages\flask\app.py", line 2528, in wsgi_app
    response = self.full_dispatch_request()
  File "C:\Python\BD\FLASK_BD\.venv\lib\site-packages\flask\app.py", line 1825, in full_dispatch_request
    rv = self.handle_user_exception(e)
  File "C:\Python\BD\FLASK_BD\.venv\lib\site-packages\flask\app.py", line 1823, in full_dispatch_request
    rv = self.dispatch_request()
  File "C:\Python\BD\FLASK_BD\.venv\lib\site-packages\flask\app.py", line 1799, in dispatch_request
    return self.ensure_sync(self.view_functions[rule.endpoint])(**view_args)
  File "C:\Python\BD\FLASK_BD\routes\persona\personas.py", line 41, in detalle
    return render_template('detalle.html',persona = persona)
AttributeError: 'Blueprint' object has no attribute 'logger'
INFO:werkzeug:127.0.0.1 - - [30/Mar/2023 07:38:12] "[35m[1mGET /detalle/2 HTTP/1.1[0m" 500 -
ERROR:app:Exception on /detalle/2 [GET]
Traceback (most recent call last):
  File "C:\Python\BD\FLASK_BD\.venv\lib\site-packages\flask\app.py", line 2528, in wsgi_app
    response = self.full_dispatch_request()
  File "C:\Python\BD\FLASK_BD\.venv\lib\site-packages\flask\app.py", line 1825, in full_dispatch_request
    rv = self.handle_user_exception(e)
  File "C:\Python\BD\FLASK_BD\.venv\lib\site-packages\flask\app.py", line 1823, in full_dispatch_request
    rv = self.dispatch_request()
  File "C:\Python\BD\FLASK_BD\.venv\lib\site-packages\flask\app.py", line 1799, in dispatch_request
    return self.ensure_sync(self.view_functions[rule.endpoint])(**view_args)
  File "C:\Python\BD\FLASK_BD\routes\persona\personas.py", line 41, in detalle
    return render_template('detalle.html',persona = persona)
AttributeError: 'Blueprint' object has no attribute 'logger'
INFO:werkzeug:127.0.0.1 - - [30/Mar/2023 07:38:13] "[35m[1mGET /detalle/2 HTTP/1.1[0m" 500 -
ERROR:app:Exception on /detalle/2 [GET]
Traceback (most recent call last):
  File "C:\Python\BD\FLASK_BD\.venv\lib\site-packages\flask\app.py", line 2528, in wsgi_app
    response = self.full_dispatch_request()
  File "C:\Python\BD\FLASK_BD\.venv\lib\site-packages\flask\app.py", line 1825, in full_dispatch_request
    rv = self.handle_user_exception(e)
  File "C:\Python\BD\FLASK_BD\.venv\lib\site-packages\flask\app.py", line 1823, in full_dispatch_request
    rv = self.dispatch_request()
  File "C:\Python\BD\FLASK_BD\.venv\lib\site-packages\flask\app.py", line 1799, in dispatch_request
    return self.ensure_sync(self.view_functions[rule.endpoint])(**view_args)
  File "C:\Python\BD\FLASK_BD\routes\persona\personas.py", line 41, in detalle
    return render_template('detalle.html',persona = persona)
AttributeError: 'Blueprint' object has no attribute 'logger'
INFO:werkzeug:127.0.0.1 - - [30/Mar/2023 07:38:14] "[35m[1mGET /detalle/2 HTTP/1.1[0m" 500 -
ERROR:app:Exception on /detalle/2 [GET]
Traceback (most recent call last):
  File "C:\Python\BD\FLASK_BD\.venv\lib\site-packages\flask\app.py", line 2528, in wsgi_app
    response = self.full_dispatch_request()
  File "C:\Python\BD\FLASK_BD\.venv\lib\site-packages\flask\app.py", line 1825, in full_dispatch_request
    rv = self.handle_user_exception(e)
  File "C:\Python\BD\FLASK_BD\.venv\lib\site-packages\flask\app.py", line 1823, in full_dispatch_request
    rv = self.dispatch_request()
  File "C:\Python\BD\FLASK_BD\.venv\lib\site-packages\flask\app.py", line 1799, in dispatch_request
    return self.ensure_sync(self.view_functions[rule.endpoint])(**view_args)
  File "C:\Python\BD\FLASK_BD\routes\persona\personas.py", line 41, in detalle
    return render_template('detalle.html',persona = persona)
AttributeError: 'Blueprint' object has no attribute 'logger'
INFO:werkzeug:127.0.0.1 - - [30/Mar/2023 07:38:14] "[35m[1mGET /detalle/2 HTTP/1.1[0m" 500 -
INFO:werkzeug:[31m[1mWARNING: This is a development server. Do not use it in a production deployment. Use a production WSGI server instead.[0m
 * Running on http://127.0.0.1:5000
INFO:werkzeug:[33mPress CTRL+C to quit[0m
INFO:werkzeug:127.0.0.1 - - [30/Mar/2023 07:38:21] "GET /detalle/2 HTTP/1.1" 200 -
INFO:werkzeug:127.0.0.1 - - [30/Mar/2023 07:38:23] "GET /index HTTP/1.1" 200 -
